<?xml version="1.0" encoding="UTF-8"?>
<!-- Generated by org.testng.reporters.JUnitXMLReporter -->
<testsuite hostname="ip-172-31-87-16" ignored="8" name="Test" tests="6" failures="0" timestamp="17 Dec 2021 12:44:06 GMT" time="9.697" errors="0">
  <testcase name="DoSignUp" time="0.899" classname="tests.SignupTest"/>
  <testcase name="NegativeLogin" time="0.383" classname="tests.LoginTest"/>
  <testcase name="PositiveLogin" time="0.344" classname="tests.LoginTest"/>
  <testcase name="DoAddToCart" time="0.565" classname="tests.AddToCartTest"/>
  <testcase name="DoCheckoutAndOrder" time="0.917" classname="tests.CheckoutAndOrderTest"/>
  <testcase name="Logout" time="0.471" classname="tests.LogoutTest"/>
  <testcase name="@BeforeTest ReportSetup" time="0.0" classname="tests.BaseClass">
    <ignored/>
  </testcase> <!-- @BeforeTest ReportSetup -->
  <testcase name="@BeforeTest ReportSetup" time="0.0" classname="tests.BaseClass">
    <ignored/>
  </testcase> <!-- @BeforeTest ReportSetup -->
  <testcase name="@BeforeTest ReportSetup" time="0.0" classname="tests.BaseClass">
    <ignored/>
  </testcase> <!-- @BeforeTest ReportSetup -->
  <testcase name="@BeforeTest ReportSetup" time="0.0" classname="tests.BaseClass">
    <ignored/>
  </testcase> <!-- @BeforeTest ReportSetup -->
  <testcase name="@AfterTest ReportTeardown" time="0.0" classname="tests.BaseClass">
    <ignored/>
  </testcase> <!-- @AfterTest ReportTeardown -->
  <testcase name="@AfterTest ReportTeardown" time="0.0" classname="tests.BaseClass">
    <ignored/>
  </testcase> <!-- @AfterTest ReportTeardown -->
  <testcase name="@AfterTest ReportTeardown" time="0.0" classname="tests.BaseClass">
    <ignored/>
  </testcase> <!-- @AfterTest ReportTeardown -->
  <testcase name="@AfterTest ReportTeardown" time="0.0" classname="tests.BaseClass">
    <ignored/>
  </testcase> <!-- @AfterTest ReportTeardown -->
</testsuite> <!-- Test -->
